<?xml version="1.0" encoding="UTF-8"?>
<!-- Generated by org.testng.reporters.JUnitXMLReporter -->
<testsuite ignored="0" hostname="DESKTOP-KJCMKC1" failures="0" tests="2" name="Default test" time="97.009" errors="0" timestamp="2023-12-21T18:53:42 IST">
  <testcase classname="arihantHighlevelInterview.Tests.scheduleTests" name="scheduleMeeting" time="47.63"/>
  <testcase classname="arihantHighlevelInterview.Tests.scheduleTests" name="priorityCheck" time="17.467"/>
</testsuite> <!-- Default test -->
